Determining if the pthread_create exist failed with the following output:
Change Dir: /home/fincore/lab/sws/CMakeFiles/CMakeTmp

Run Build Command:/usr/bin/gmake "cmTryCompileExec1927848221/fast"
/usr/bin/gmake -f CMakeFiles/cmTryCompileExec1927848221.dir/build.make CMakeFiles/cmTryCompileExec1927848221.dir/build
gmake[1]: Entering directory `/home/fincore/lab/sws/CMakeFiles/CMakeTmp'
/usr/bin/cmake -E cmake_progress_report /home/fincore/lab/sws/CMakeFiles/CMakeTmp/CMakeFiles 1
Building C object CMakeFiles/cmTryCompileExec1927848221.dir/CheckSymbolExists.c.o
/usr/bin/cc    -o CMakeFiles/cmTryCompileExec1927848221.dir/CheckSymbolExists.c.o   -c /home/fincore/lab/sws/CMakeFiles/CMakeTmp/CheckSymbolExists.c
Linking C executable cmTryCompileExec1927848221
/usr/bin/cmake -E cmake_link_script CMakeFiles/cmTryCompileExec1927848221.dir/link.txt --verbose=1
/usr/bin/cc         CMakeFiles/cmTryCompileExec1927848221.dir/CheckSymbolExists.c.o  -o cmTryCompileExec1927848221 -rdynamic 
CMakeFiles/cmTryCompileExec1927848221.dir/CheckSymbolExists.c.o: In function `main':
CheckSymbolExists.c:(.text+0x16): undefined reference to `pthread_create'
collect2: error: ld returned 1 exit status
gmake[1]: *** [cmTryCompileExec1927848221] Error 1
gmake[1]: Leaving directory `/home/fincore/lab/sws/CMakeFiles/CMakeTmp'
gmake: *** [cmTryCompileExec1927848221/fast] Error 2

File /home/fincore/lab/sws/CMakeFiles/CMakeTmp/CheckSymbolExists.c:
/* */
#include <pthread.h>

int main(int argc, char** argv)
{
  (void)argv;
#ifndef pthread_create
  return ((int*)(&pthread_create))[argc];
#else
  (void)argc;
  return 0;
#endif
}

Determining if the function pthread_create exists in the pthreads failed with the following output:
Change Dir: /home/fincore/lab/sws/CMakeFiles/CMakeTmp

Run Build Command:/usr/bin/gmake "cmTryCompileExec3378109282/fast"
/usr/bin/gmake -f CMakeFiles/cmTryCompileExec3378109282.dir/build.make CMakeFiles/cmTryCompileExec3378109282.dir/build
gmake[1]: Entering directory `/home/fincore/lab/sws/CMakeFiles/CMakeTmp'
/usr/bin/cmake -E cmake_progress_report /home/fincore/lab/sws/CMakeFiles/CMakeTmp/CMakeFiles 1
Building C object CMakeFiles/cmTryCompileExec3378109282.dir/CheckFunctionExists.c.o
/usr/bin/cc   -DCHECK_FUNCTION_EXISTS=pthread_create   -o CMakeFiles/cmTryCompileExec3378109282.dir/CheckFunctionExists.c.o   -c /usr/share/cmake/Modules/CheckFunctionExists.c
Linking C executable cmTryCompileExec3378109282
/usr/bin/cmake -E cmake_link_script CMakeFiles/cmTryCompileExec3378109282.dir/link.txt --verbose=1
/usr/bin/cc     -DCHECK_FUNCTION_EXISTS=pthread_create    CMakeFiles/cmTryCompileExec3378109282.dir/CheckFunctionExists.c.o  -o cmTryCompileExec3378109282 -rdynamic -lpthreads 
/usr/bin/ld: cannot find -lpthreads
collect2: error: ld returned 1 exit status
gmake[1]: *** [cmTryCompileExec3378109282] Error 1
gmake[1]: Leaving directory `/home/fincore/lab/sws/CMakeFiles/CMakeTmp'
gmake: *** [cmTryCompileExec3378109282/fast] Error 2


Determining if the pthread_create exist failed with the following output:
Change Dir: /home/huuzlee/lab/sws/CMakeFiles/CMakeTmp

Run Build Command:/bin/gmake "cmTryCompileExec2223981860/fast"
/bin/gmake -f CMakeFiles/cmTryCompileExec2223981860.dir/build.make CMakeFiles/cmTryCompileExec2223981860.dir/build
gmake[1]: Entering directory `/home/huuzlee/lab/sws/CMakeFiles/CMakeTmp'
/usr/bin/cmake -E cmake_progress_report /home/huuzlee/lab/sws/CMakeFiles/CMakeTmp/CMakeFiles 1
Building C object CMakeFiles/cmTryCompileExec2223981860.dir/CheckSymbolExists.c.o
/usr/bin/cc    -o CMakeFiles/cmTryCompileExec2223981860.dir/CheckSymbolExists.c.o   -c /home/huuzlee/lab/sws/CMakeFiles/CMakeTmp/CheckSymbolExists.c
Linking C executable cmTryCompileExec2223981860
/usr/bin/cmake -E cmake_link_script CMakeFiles/cmTryCompileExec2223981860.dir/link.txt --verbose=1
/usr/bin/cc         CMakeFiles/cmTryCompileExec2223981860.dir/CheckSymbolExists.c.o  -o cmTryCompileExec2223981860 -rdynamic 
CMakeFiles/cmTryCompileExec2223981860.dir/CheckSymbolExists.c.o: In function `main':
CheckSymbolExists.c:(.text+0x16): undefined reference to `pthread_create'
collect2: error: ld returned 1 exit status
gmake[1]: *** [cmTryCompileExec2223981860] Error 1
gmake[1]: Leaving directory `/home/huuzlee/lab/sws/CMakeFiles/CMakeTmp'
gmake: *** [cmTryCompileExec2223981860/fast] Error 2

File /home/huuzlee/lab/sws/CMakeFiles/CMakeTmp/CheckSymbolExists.c:
/* */
#include <pthread.h>

int main(int argc, char** argv)
{
  (void)argv;
#ifndef pthread_create
  return ((int*)(&pthread_create))[argc];
#else
  (void)argc;
  return 0;
#endif
}

Determining if the function pthread_create exists in the pthreads failed with the following output:
Change Dir: /home/huuzlee/lab/sws/CMakeFiles/CMakeTmp

Run Build Command:/bin/gmake "cmTryCompileExec3798959883/fast"
/bin/gmake -f CMakeFiles/cmTryCompileExec3798959883.dir/build.make CMakeFiles/cmTryCompileExec3798959883.dir/build
gmake[1]: Entering directory `/home/huuzlee/lab/sws/CMakeFiles/CMakeTmp'
/usr/bin/cmake -E cmake_progress_report /home/huuzlee/lab/sws/CMakeFiles/CMakeTmp/CMakeFiles 1
Building C object CMakeFiles/cmTryCompileExec3798959883.dir/CheckFunctionExists.c.o
/usr/bin/cc   -DCHECK_FUNCTION_EXISTS=pthread_create   -o CMakeFiles/cmTryCompileExec3798959883.dir/CheckFunctionExists.c.o   -c /usr/share/cmake/Modules/CheckFunctionExists.c
Linking C executable cmTryCompileExec3798959883
/usr/bin/cmake -E cmake_link_script CMakeFiles/cmTryCompileExec3798959883.dir/link.txt --verbose=1
/usr/bin/cc     -DCHECK_FUNCTION_EXISTS=pthread_create    CMakeFiles/cmTryCompileExec3798959883.dir/CheckFunctionExists.c.o  -o cmTryCompileExec3798959883 -rdynamic -lpthreads 
/bin/ld: cannot find -lpthreads
collect2: error: ld returned 1 exit status
gmake[1]: *** [cmTryCompileExec3798959883] Error 1
gmake[1]: Leaving directory `/home/huuzlee/lab/sws/CMakeFiles/CMakeTmp'
gmake: *** [cmTryCompileExec3798959883/fast] Error 2


